#
# A fatal error has been detected by the Java Runtime Environment:
#
#  EXCEPTION_ACCESS_VIOLATION (0xc0000005) at pc=0x6d166c40, pid=6644, tid=6200
#
# JRE version: 6.0_25-b06
# Java VM: Java HotSpot(TM) Client VM (20.0-b11 mixed mode windows-x86 )
# Problematic frame:
# C  [awt.dll+0xb6c40]
#
# If you would like to submit a bug report, please visit:
#   http://java.sun.com/webapps/bugreport/crash.jsp
# The crash happened outside the Java Virtual Machine in native code.
# See problematic frame for where to report the bug.
#

---------------  T H R E A D  ---------------

Current thread (0x45174800):  JavaThread "AWT-Windows" daemon [_thread_in_native, id=6200, stack(0x45e90000,0x45ee0000)]

siginfo: ExceptionCode=0xc0000005, reading address 0x00000000

Registers:
EAX=0x45edf744, EBX=0x4517de50, ECX=0x00000350, EDX=0x000000c0
ESP=0x45edf72c, EBP=0x45edf8d8, ESI=0x00000000, EDI=0x000000c0
EIP=0x6d166c40, EFLAGS=0x00010206

Top of Stack: (sp=0x45edf72c)
0x45edf72c:   45edf744 00001000 00000640 44c1ea08
0x45edf73c:   00000013 00000001 00000640 6d15ee6b
0x45edf74c:   00000000 45176064 00000000 44c1ea08
0x45edf75c:   45edf744 45edf8d8 0000032e 00000640
0x45edf76c:   44c1ea08 6d16282f 44c80000 444b8000
0x45edf77c:   00000640 0000032e 45176050 6d1632f1
0x45edf78c:   6d16378d 00000000 00000000 00000640
0x45edf79c:   00000013 00009825 45174928 00000001 

Instructions: (pc=0x6d166c40)
0x6d166c20:   d8 56 8b b3 10 a0 00 00 1b c0 57 25 00 f0 ff ff
0x6d166c30:   05 00 20 00 00 50 c1 e2 05 8d 44 24 14 50 8b fa
0x6d166c40:   8b 16 57 c1 e1 05 51 56 ff 52 2c 85 c0 0f 8c 93
0x6d166c50:   00 00 00 8b 53 04 8b cf 8b 7c 24 10 8b c1 c1 e9 


Register to memory mapping:

EAX=0x45edf744 is pointing into the stack for thread: 0x45174800
EBX=0x4517de50 is an unknown value
ECX=0x00000350 is an unknown value
EDX=0x000000c0 is an unknown value
ESP=0x45edf72c is pointing into the stack for thread: 0x45174800
EBP=0x45edf8d8 is pointing into the stack for thread: 0x45174800
ESI=0x00000000 is an unknown value
EDI=0x000000c0 is an unknown value


Stack: [0x45e90000,0x45ee0000],  sp=0x45edf72c,  free space=317k
Native frames: (J=compiled Java code, j=interpreted, Vv=VM code, C=native code)
C  [awt.dll+0xb6c40]  D3DVertexCacher::Render+0x50
C  [awt.dll+0x9c8ca]  Java_sun_awt_windows_WToolkit_loadSystemColors+0x94a
C  [USER32.dll+0x8734]  GetDC+0x6d
C  [USER32.dll+0x8816]  GetDC+0x14f
C  [USER32.dll+0x18ea0]  DefWindowProcW+0x180
C  [USER32.dll+0x18eec]  DefWindowProcW+0x1cc
C  [ntdll.dll+0xe473]  KiUserCallbackDispatcher+0x13
C  [USER32.dll+0x9402]  PeekMessageW+0x167

Java frames: (J=compiled Java code, j=interpreted, Vv=VM code)
j  sun.awt.windows.WToolkit.eventLoop()V+0
j  sun.awt.windows.WToolkit.run()V+52
j  java.lang.Thread.run()V+11
v  ~StubRoutines::call_stub

---------------  P R O C E S S  ---------------

Java Threads: ( => current thread )
  0x453d7400 JavaThread "Thread-9" daemon [_thread_in_native, id=7836, stack(0x4a1e0000,0x4a230000)]
  0x454c2c00 JavaThread "Thread-6" [_thread_blocked, id=7308, stack(0x45900000,0x45950000)]
  0x002b7800 JavaThread "DestroyJavaVM" [_thread_blocked, id=1508, stack(0x008c0000,0x00910000)]
  0x44fbd400 JavaThread "AWT-EventQueue-1" [_thread_in_native, id=6564, stack(0x46310000,0x46360000)]
  0x451bc800 JavaThread "TimerQueue" daemon [_thread_blocked, id=6500, stack(0x46000000,0x46050000)]
  0x44f57400 JavaThread "Thread-5" daemon [_thread_blocked, id=4056, stack(0x462c0000,0x46310000)]
  0x451c9400 JavaThread "D3D Screen Updater" daemon [_thread_blocked, id=3556, stack(0x46070000,0x460c0000)]
=>0x45174800 JavaThread "AWT-Windows" daemon [_thread_in_native, id=6200, stack(0x45e90000,0x45ee0000)]
  0x45167400 JavaThread "AWT-Shutdown" [_thread_blocked, id=7116, stack(0x45e40000,0x45e90000)]
  0x450db800 JavaThread "Java2D Disposer" daemon [_thread_blocked, id=4436, stack(0x45df0000,0x45e40000)]
  0x450ab400 JavaThread "Timer-0" daemon [_thread_blocked, id=8140, stack(0x45c70000,0x45cc0000)]
  0x4507d400 JavaThread "CLI Requests Server" daemon [_thread_in_native, id=6076, stack(0x45c20000,0x45c70000)]
  0x44f0d800 JavaThread "Active Reference Queue Daemon" daemon [_thread_blocked, id=6808, stack(0x450e0000,0x45130000)]
  0x44bfa000 JavaThread "Low Memory Detector" daemon [_thread_blocked, id=6124, stack(0x44e40000,0x44e90000)]
  0x44beb400 JavaThread "C1 CompilerThread0" daemon [_thread_blocked, id=4308, stack(0x44df0000,0x44e40000)]
  0x44be9c00 JavaThread "Attach Listener" daemon [_thread_blocked, id=4448, stack(0x44da0000,0x44df0000)]
  0x44be8400 JavaThread "Signal Dispatcher" daemon [_thread_blocked, id=7400, stack(0x44d50000,0x44da0000)]
  0x44bdac00 JavaThread "Finalizer" daemon [_thread_blocked, id=2844, stack(0x44d00000,0x44d50000)]
  0x44bd6000 JavaThread "Reference Handler" daemon [_thread_blocked, id=5056, stack(0x44cb0000,0x44d00000)]

Other Threads:
  0x44bd2400 VMThread [stack: 0x44c60000,0x44cb0000] [id=6268]
  0x44bfc000 WatcherThread [stack: 0x44e90000,0x44ee0000] [id=7584]

VM state:not at safepoint (normal execution)

VM Mutex/Monitor currently owned by a thread: None

Heap
 def new generation   total 78720K, used 12390K [0x02990000, 0x07ef0000, 0x0d430000)
  eden space 70016K,  13% used [0x02990000, 0x032db908, 0x06df0000)
  from space 8704K,  32% used [0x06df0000, 0x070be020, 0x07670000)
  to   space 8704K,   0% used [0x07670000, 0x07670000, 0x07ef0000)
 tenured generation   total 174784K, used 29764K [0x0d430000, 0x17ee0000, 0x22990000)
   the space 174784K,  17% used [0x0d430000, 0x0f141340, 0x0f141400, 0x17ee0000)
 compacting perm gen  total 47104K, used 46898K [0x22990000, 0x25790000, 0x42990000)
   the space 47104K,  99% used [0x22990000, 0x2575cb58, 0x2575cc00, 0x25790000)
No shared spaces configured.

Code Cache  [0x00910000, 0x011f8000, 0x02910000)
 total_blobs=4377 nmethods=3859 adapters=451 free_code_cache=24220224 largest_free_block=256

Dynamic libraries:
0x00400000 - 0x00424000 	C:\Arquivos de programas\Java\jdk1.6.0_25\jre\bin\java.exe
0x7c900000 - 0x7c9b6000 	C:\WINDOWS\system32\ntdll.dll
0x7c800000 - 0x7c900000 	C:\WINDOWS\system32\kernel32.dll
0x77f50000 - 0x77ffb000 	C:\WINDOWS\system32\ADVAPI32.dll
0x77db0000 - 0x77e43000 	C:\WINDOWS\system32\RPCRT4.dll
0x77f20000 - 0x77f31000 	C:\WINDOWS\system32\Secur32.dll
0x7c340000 - 0x7c396000 	C:\Arquivos de programas\Java\jdk1.6.0_25\jre\bin\msvcr71.dll
0x6d8a0000 - 0x6db4f000 	C:\Arquivos de programas\Java\jdk1.6.0_25\jre\bin\client\jvm.dll
0x7e360000 - 0x7e3f1000 	C:\WINDOWS\system32\USER32.dll
0x77e50000 - 0x77e99000 	C:\WINDOWS\system32\GDI32.dll
0x76b20000 - 0x76b4e000 	C:\WINDOWS\system32\WINMM.dll
0x6d850000 - 0x6d85c000 	C:\Arquivos de programas\Java\jdk1.6.0_25\jre\bin\verify.dll
0x6d3d0000 - 0x6d3ef000 	C:\Arquivos de programas\Java\jdk1.6.0_25\jre\bin\java.dll
0x76bd0000 - 0x76bdb000 	C:\WINDOWS\system32\PSAPI.DLL
0x6d890000 - 0x6d89f000 	C:\Arquivos de programas\Java\jdk1.6.0_25\jre\bin\zip.dll
0x6d6b0000 - 0x6d6c3000 	C:\Arquivos de programas\Java\jdk1.6.0_25\jre\bin\net.dll
0x71a70000 - 0x71a87000 	C:\WINDOWS\system32\WS2_32.dll
0x77bf0000 - 0x77c48000 	C:\WINDOWS\system32\msvcrt.dll
0x71a60000 - 0x71a68000 	C:\WINDOWS\system32\WS2HELP.dll
0x6d6d0000 - 0x6d6d9000 	C:\Arquivos de programas\Java\jdk1.6.0_25\jre\bin\nio.dll
0x76d40000 - 0x76d59000 	C:\WINDOWS\system32\iphlpapi.dll
0x76d20000 - 0x76d38000 	C:\WINDOWS\system32\MPRAPI.dll
0x77ca0000 - 0x77cd2000 	C:\WINDOWS\system32\ACTIVEDS.dll
0x76df0000 - 0x76e15000 	C:\WINDOWS\system32\adsldpc.dll
0x5bcb0000 - 0x5bd05000 	C:\WINDOWS\system32\NETAPI32.dll
0x76f40000 - 0x76f6d000 	C:\WINDOWS\system32\WLDAP32.dll
0x76b00000 - 0x76b11000 	C:\WINDOWS\system32\ATL.DLL
0x774c0000 - 0x775fe000 	C:\WINDOWS\system32\ole32.dll
0x77100000 - 0x7718b000 	C:\WINDOWS\system32\OLEAUT32.dll
0x76e60000 - 0x76e6e000 	C:\WINDOWS\system32\rtutils.dll
0x71bc0000 - 0x71bd3000 	C:\WINDOWS\system32\SAMLIB.dll
0x77900000 - 0x779f5000 	C:\WINDOWS\system32\SETUPAPI.dll
0x71a10000 - 0x71a50000 	C:\WINDOWS\system32\mswsock.dll
0x60b30000 - 0x60b88000 	C:\WINDOWS\system32\hnetcfg.dll
0x71a50000 - 0x71a58000 	C:\WINDOWS\System32\wshtcpip.dll
0x68000000 - 0x68036000 	C:\WINDOWS\system32\rsaenh.dll
0x769a0000 - 0x76a55000 	C:\WINDOWS\system32\USERENV.dll
0x76f00000 - 0x76f27000 	C:\WINDOWS\system32\DNSAPI.dll
0x76f90000 - 0x76f98000 	C:\WINDOWS\System32\winrnr.dll
0x76fa0000 - 0x76fa6000 	C:\WINDOWS\system32\rasadhlp.dll
0x6d0b0000 - 0x6d1fb000 	C:\Arquivos de programas\Java\jdk1.6.0_25\jre\bin\awt.dll
0x72fb0000 - 0x72fd6000 	C:\WINDOWS\system32\WINSPOOL.DRV
0x76360000 - 0x7637d000 	C:\WINDOWS\system32\IMM32.dll
0x773b0000 - 0x774b3000 	C:\WINDOWS\WinSxS\x86_Microsoft.Windows.Common-Controls_6595b64144ccf1df_6.0.2600.6028_x-ww_61e65202\COMCTL32.dll
0x77ea0000 - 0x77f16000 	C:\WINDOWS\system32\SHLWAPI.dll
0x5b1c0000 - 0x5b1f8000 	C:\WINDOWS\system32\uxtheme.dll
0x6d2e0000 - 0x6d32f000 	C:\Arquivos de programas\Java\jdk1.6.0_25\jre\bin\fontmanager.dll
0x6b680000 - 0x6b68d000 	C:\Arquivos de programas\WinSplit Revolution\WinSplitHook32.dll
0x45d80000 - 0x45d85000 	C:\Arquivos de programas\Unlocker\UnlockerHook.dll
0x7c9c0000 - 0x7d1de000 	C:\WINDOWS\system32\SHELL32.dll
0x4fcd0000 - 0x4fe76000 	C:\WINDOWS\system32\d3d9.dll
0x6def0000 - 0x6def6000 	C:\WINDOWS\system32\d3d8thk.dll
0x77be0000 - 0x77be8000 	C:\WINDOWS\system32\VERSION.dll
0x6d610000 - 0x6d6a3000 	C:\Arquivos de programas\Java\jdk1.6.0_25\jre\bin\mlib_image.dll
0x6d600000 - 0x6d609000 	C:\Arquivos de programas\Java\jdk1.6.0_25\jre\bin\management.dll
0x6d250000 - 0x6d273000 	C:\Arquivos de programas\Java\jdk1.6.0_25\jre\bin\dcpr.dll
0x6d4f0000 - 0x6d515000 	C:\Arquivos de programas\Java\jdk1.6.0_25\jre\bin\jpeg.dll
0x6d830000 - 0x6d838000 	C:\Arquivos de programas\Java\jdk1.6.0_25\jre\bin\sunmscapi.dll
0x77a60000 - 0x77af6000 	C:\WINDOWS\system32\CRYPT32.dll
0x77b00000 - 0x77b12000 	C:\WINDOWS\system32\MSASN1.dll
0x4a230000 - 0x4a2e5000 	C:\WINDOWS\System32\spool\DRIVERS\W32X86\3\PS5UI.DLL
0x4a2f0000 - 0x4a377000 	C:\WINDOWS\System32\spool\DRIVERS\W32X86\3\PSCRIPT5.DLL
0x73ae0000 - 0x73af5000 	C:\WINDOWS\system32\mscms.dll
0x76380000 - 0x763c8000 	C:\WINDOWS\system32\COMDLG32.DLL

VM Arguments:
jvm_args: -Xms256m -Xmx512m -Dorg.netbeans.ProxyClassLoader.level=1000 -XX:MaxPermSize=512m -Djdk.home=C:\Arquivos de programas\Java\jdk1.6.0_25 -Dnetbeans.home=C:\programas\iReport-4.0.2\platform9 -Dnetbeans.dirs=C:\programas\iReport-4.0.2\ireport;C:\programas\iReport-4.0.2\ide10;C:\programas\iReport-4.0.2\nb6.5 -Dnetbeans.user=C:\Documents and Settings\marcius\.ireport\4.0.2 -Dnetbeans.system_http_proxy=DIRECT -Dnetbeans.system_http_non_proxy_hosts= -Dsun.awt.keepWorkingSetOnMinimize=true 
java_command: org/netbeans/Main --branding ireport --branding ireport
Launcher Type: SUN_STANDARD

Environment Variables:
JAVA_HOME=C:\Arquivos de programas\Java\jdk1.6.0_25
JRE_HOME=C:\Arquivos de programas\Java\jre6
CLASSPATH=C:\programas\putty
PATH=C:\Python27\Lib\site-packages\PyQt4\bin;C:\Arquivos de programas\NVIDIA Corporation\PhysX\Common;c:\ruby\bin;C:\WINDOWS\system32;C:\WINDOWS;C:\WINDOWS\System32\Wbem;C:\Arquivos de programas\WinMerge;C:\Arquivos de programas\Notepad++;C:\WINDOWS\system32\WindowsPowerShell\v1.0;c:\Arquivos de programas\Microsoft SQL Server\100\Tools\Binn\VSShell\Common7\IDE\;c:\Arquivos de programas\Microsoft SQL Server\100\Tools\Binn\;c:\Arquivos de programas\Microsoft SQL Server\100\DTS\Binn\;"C:\site\ZendServer\bin";"C:\site\ZendServer\share\ZendFramework\bin";C:\Python27\;C:\Python27\Scripts\;C:\Arquivos de programas\Mercurial\bin;C:\Arquivos de programas\MySQL\MySQL Server 5.5\bin;C:\Arquivos de programas\TortoiseGit\bin;C:\programas\apache-ant\bin;C:\programas\apache-maven\bin;C:\Arquivos de programas\CVSNT\
USERNAME=marcius
OS=Windows_NT
PROCESSOR_IDENTIFIER=x86 Family 6 Model 23 Stepping 10, GenuineIntel



---------------  S Y S T E M  ---------------

OS: Windows XP Build 2600 Service Pack 3

CPU:total 2 (2 cores per cpu, 1 threads per core) family 6 model 23 stepping 10, cmov, cx8, fxsr, mmx, sse, sse2, sse3, ssse3

Memory: 4k page, physical 3141448k(145656k free), swap 5072708k(1512348k free)

vm_info: Java HotSpot(TM) Client VM (20.0-b11) for windows-x86 JRE (1.6.0_25-b06), built on Apr 14 2011 01:04:32 by "java_re" with MS VC++ 7.1 (VS2003)

time: Tue Oct 11 16:18:38 2011
elapsed time: 5794 seconds

